[debug] [2024-03-01T05:07:26.558Z] ----------------------------------------------------------------------
[debug] [2024-03-01T05:07:26.561Z] Command:       C:\Program Files\nodejs\node.exe C:\Users\Gonzalo\AppData\Roaming\npm\node_modules\firebase-tools\lib\bin\firebase.js deploy
[debug] [2024-03-01T05:07:26.562Z] CLI Version:   12.8.0
[debug] [2024-03-01T05:07:26.562Z] Platform:      win32
[debug] [2024-03-01T05:07:26.562Z] Node Version:  v21.0.0
[debug] [2024-03-01T05:07:26.563Z] Time:          Fri Mar 01 2024 02:07:26 GMT-0300 (Uruguay Standard Time)
[debug] [2024-03-01T05:07:26.563Z] ----------------------------------------------------------------------
[debug] 
[debug] [2024-03-01T05:07:26.661Z] > command requires scopes: ["email","openid","https://www.googleapis.com/auth/cloudplatformprojects.readonly","https://www.googleapis.com/auth/firebase","https://www.googleapis.com/auth/cloud-platform"]
[debug] [2024-03-01T05:07:26.662Z] > authorizing via signed-in user (gborderolle@gmail.com)
[debug] [2024-03-01T05:07:26.662Z] [iam] checking project buildyv2 for permissions ["firebase.projects.get","firebasehosting.sites.update"]
[debug] [2024-03-01T05:07:26.665Z] >>> [apiv2][query] POST https://cloudresourcemanager.googleapis.com/v1/projects/buildyv2:testIamPermissions [none]
[debug] [2024-03-01T05:07:26.666Z] >>> [apiv2][(partial)header] POST https://cloudresourcemanager.googleapis.com/v1/projects/buildyv2:testIamPermissions x-goog-quota-user=projects/buildyv2
[debug] [2024-03-01T05:07:26.666Z] >>> [apiv2][body] POST https://cloudresourcemanager.googleapis.com/v1/projects/buildyv2:testIamPermissions {"permissions":["firebase.projects.get","firebasehosting.sites.update"]}
[debug] [2024-03-01T05:07:27.612Z] <<< [apiv2][status] POST https://cloudresourcemanager.googleapis.com/v1/projects/buildyv2:testIamPermissions 200
[debug] [2024-03-01T05:07:27.612Z] <<< [apiv2][body] POST https://cloudresourcemanager.googleapis.com/v1/projects/buildyv2:testIamPermissions {"permissions":["firebase.projects.get","firebasehosting.sites.update"]}
[debug] [2024-03-01T05:07:27.614Z] >>> [apiv2][query] GET https://firebase.googleapis.com/v1beta1/projects/buildyv2 [none]
[debug] [2024-03-01T05:07:27.977Z] <<< [apiv2][status] GET https://firebase.googleapis.com/v1beta1/projects/buildyv2 200
[debug] [2024-03-01T05:07:27.978Z] <<< [apiv2][body] GET https://firebase.googleapis.com/v1beta1/projects/buildyv2 {"projectId":"buildyv2","projectNumber":"132566555636","displayName":"buildy","name":"projects/buildyv2","resources":{"hostingSite":"buildyv2"},"state":"ACTIVE","etag":"1_914b7f8c-c626-4941-a085-2eecf9e58152"}
[info] 
[info] === Deploying to 'buildyv2'...
[info] 
[info] i  deploying hosting 
[debug] [2024-03-01T05:07:27.986Z] >>> [apiv2][query] POST https://firebasehosting.googleapis.com/v1beta1/projects/-/sites/buildyv2/versions [none]
[debug] [2024-03-01T05:07:27.986Z] >>> [apiv2][body] POST https://firebasehosting.googleapis.com/v1beta1/projects/-/sites/buildyv2/versions {"status":"CREATED","labels":{"deployment-tool":"cli-firebase"}}
[debug] [2024-03-01T05:07:29.344Z] <<< [apiv2][status] POST https://firebasehosting.googleapis.com/v1beta1/projects/-/sites/buildyv2/versions 200
[debug] [2024-03-01T05:07:29.344Z] <<< [apiv2][body] POST https://firebasehosting.googleapis.com/v1beta1/projects/-/sites/buildyv2/versions {"name":"projects/132566555636/sites/buildyv2/versions/65f50c29a3c7e626","status":"CREATED","config":{},"labels":{"deployment-tool":"cli-firebase"}}
[info] i  hosting[buildyv2]: beginning deploy... 
[info] i  hosting[buildyv2]: found 61 files in build 
[debug] [2024-03-01T05:07:29.376Z] [hosting] uploading with 200 concurrency
[debug] [2024-03-01T05:07:29.487Z] [hosting] hash cache [YnVpbGQ] stored for 61 files
[debug] [2024-03-01T05:07:29.487Z] [hosting][hash queue][FINAL] {"max":74,"min":7,"avg":52.65573770491803,"active":0,"complete":61,"success":61,"errored":0,"retried":0,"total":61,"elapsed":89}
[debug] [2024-03-01T05:07:29.488Z] >>> [apiv2][query] POST https://firebasehosting.googleapis.com/v1beta1/projects/132566555636/sites/buildyv2/versions/65f50c29a3c7e626:populateFiles [none]
[debug] [2024-03-01T05:07:29.488Z] >>> [apiv2][body] POST https://firebasehosting.googleapis.com/v1beta1/projects/132566555636/sites/buildyv2/versions/65f50c29a3c7e626:populateFiles {"files":{"/buildy2.ico":"eb86600ecf767006d256875e2cebf594ffdf202388efc2f91e064fd526c4987f","/datalexion.ico":"be002025754e4e93960b9b60acb653d2620e1edb53ee49ecceb3f7851247a302","/favicon.ico":"0defbece433f1c885f02ee0f5f1e641a5a7028c05e505402b9d2fde629096238","/manifest.json":"5521032e3101999e057ce7f2329f4d952f103b9d48b44466e60bc638c63f65e0","/manifest.json.OLD":"8ca19312c40fd4775f6a8724bca08b34d59931781fcbb077f3a61a9328b486be","/index.html":"e52a1d9b950a945af03296d04772eb0c4231be3821009554bc64a1324b612118","/asset-manifest.json":"e2309ecc3fdb933d16bc8261ff60b661d3641dbe9a9ae9075ff5bf1c60ae4176","/static/css/275.20c998b2.chunk.css":"cac093f8a83c52506b1a851c1a28f1175a19d1af0b383c38b9a26f1c0a598795","/static/css/289.74d60aae.chunk.css":"244d6b123e3d567f7454f16392860119b66f0adc15e8de1061fa73f985be9152","/static/css/590.d1d81782.chunk.css":"ff006b982d17ca15ae34cc485d1a522524f28d26f8d17369fcdf63cb06479072","/static/css/599.a2f3740e.chunk.css":"45289222eb0feebfac3a08b407f8256470102dd3b5e5f950ff7466ec803f95ae","/static/css/66.6f64d6fb.chunk.css":"b9564f7572e799e499821b0ea0dd4a3823c4711292c65afd5546553dcf34b486","/static/css/749.c28ac870.chunk.css":"f5b2477cf2bb5a1d9af3274da896a5a4521dca4f6a15fad207abc1ab70bdf98a","/static/css/746.75742de6.chunk.css":"c925f2782ddda21a11aaf3fabbfc82a6afc0ce429348ffb105943ed554998fd2","/static/css/77.20c998b2.chunk.css":"cac093f8a83c52506b1a851c1a28f1175a19d1af0b383c38b9a26f1c0a598795","/static/css/829.a2f3740e.chunk.css":"45289222eb0feebfac3a08b407f8256470102dd3b5e5f950ff7466ec803f95ae","/static/css/864.20c998b2.chunk.css":"cac093f8a83c52506b1a851c1a28f1175a19d1af0b383c38b9a26f1c0a598795","/static/css/853.539b932d.chunk.css":"6b6465965defc933a8767a66376985284a72c1a40c6bec82b1bb1a872130ee17","/static/css/946.b32efbaa.chunk.css":"40bea06c47fa7f9f7caa6a554c2a361dd20a79d81fad2d9e2091223632d1fb48","/static/css/865.a2f3740e.chunk.css":"45289222eb0feebfac3a08b407f8256470102dd3b5e5f950ff7466ec803f95ae","/static/css/971.539b932d.chunk.css":"6b6465965defc933a8767a66376985284a72c1a40c6bec82b1bb1a872130ee17","/static/css/797.c7af7a22.chunk.css":"24541903998eb26f73d6050aeef2856c122e03d95de4e879ca2983cc2cc60db1","/static/js/168.cc3a8de7.chunk.js":"c0231cbdf8b55e5e879fceae85f3e4689d21d08253ae9c9f3f04bcb61238edae","/static/js/274.b1dde73b.chunk.js.LICENSE.txt":"705fd04201bd0e2111a2081dba6b195716a3daa2797493128e7b04467e5d43c4","/static/js/275.21a8b4f4.chunk.js":"a00e55e2aa8ca102a10da4c968388cd4951bb2648fd181b71ba3a1da394bb9fe","/static/js/162.858f3768.chunk.js":"36888806c3f9bd86f61695d0936f2a4311846d89fadc6ddbfef9c9fb41506cb3","/static/js/280.f5d03ce8.chunk.js":"d869ce7664f8b0c7fcdce6f3fdf2f1be89b82c78f938f9ad11210ee0822ba445","/static/js/289.cdfbfc60.chunk.js":"20b94ee59de2e04e5d8cb5635d1dad37dd87cb4ad1141c798f164cc57efa5725","/static/js/290.02e46efa.chunk.js":"f9b49290fbd5f5f68c7bc0bd64efa12e85296acc78d6634c7d2b24a71221f880","/static/js/341.97094e3c.chunk.js":"086c4bfd3b07af373e9af1345a6762fb60a9aa40e2e5e2392d5f22f5a1a3bb7e","/static/js/496.a5e2c21a.chunk.js":"d45c563f30c9282b407c352b6cb9ab667f77c4fbb5b6754492a577821aa910b5","/static/js/590.6a3c43c0.chunk.js":"c0566dffaeec75c9c09fa0be51704fe9a03d49277ccfba3bf12e0e811dcad3fd","/static/js/593.29a97913.chunk.js":"c1122fc0dbaaf2727e20276b5a7022dd030ccd3d08ca89bb20e90bd4938d424b","/static/js/288.d90953fe.chunk.js.LICENSE.txt":"7a14fb5ec4a70767cfb68ff3660384c948e6c857feb395e78b7e0ee46babb58a","/static/js/66.e4b5883e.chunk.js":"2b6df4d4232b9ba46ce022fb064d739779bf08d9ece5bcbb554524df395d398c","/static/js/493.6ff8aa2b.chunk.js":"c8305de68fa2dd1d490365e202655fff0b011e5825f258bf5fdfc43ade64e51f","/static/js/661.9c744976.chunk.js":"19e4fb72093bae1b9aca24a5b67597ef8f96990afa389965c4c7160db49276b9","/static/js/599.b6323c82.chunk.js":"abd77dd7371fe9713cca319312eadd044a98fcdd830fbb571729bde4aa12e446","/static/js/731.757457a8.chunk.js":"d071c9e48660cb834d6a698e5c74b7c74333296703c3f0910870d6a9d65d3067","/static/js/749.77178205.chunk.js":"b746d92ec02a13b08af35f8b8b981edb84f789b0c989555f2b3b0893e6d48c55","/static/js/77.36c0f3b7.chunk.js":"7bde94793a698c513e498751d6e3389dfca8b81e508093dec7969581a7270a1c","/static/js/829.124f92f4.chunk.js":"1cdb564aafad163ec7655f0604733f0f835337776086eb1e828a8fcfdbe7905e","/static/js/853.d517a953.chunk.js":"628b9fda217566c13464ca25c1c211ad373f493bfe4d42001f875b9a1423bcce","/static/js/864.0101911d.chunk.js":"ec3eb791a66f7e3683ae01931f81b16a8fd7a5ac453f42d2f57fefd31445118c","/static/js/865.5a4395cb.chunk.js":"5f82c9d2524e64e9880146e45530e7e1d22e6b99f0c2d1c5f9c1fd155f0e32a2","/static/js/946.133d46a4.chunk.js":"8ed802abdd336ea4cffc0cddf1a431addc5196b662a0fe9f7768a8dd840c4e33","/static/js/797.6cf26679.chunk.js":"36abcc9b264e60963c7d480315b06f6e2253b4e6155b6bafc38343d4683aaefd","/static/js/746.aa36ce97.chunk.js.LICENSE.txt":"0d3bcdc665cf35cbd7c79660e68ff03cc40506b96fd1ee330c2991c995d8154a","/static/js/254.ef167f55.chunk.js":"6f55928187866d309e51dccf8d0300682277ed1acf912a96ce52ea3db8c75385","/static/js/288.d90953fe.chunk.js":"538336df8a3d7caef254d6b43734ecb4cfd574c6effecb1730a3c8ec965c0381","/static/js/695.7a722538.chunk.js":"91a4e1745d30b50f0d5212f5ec39bf737ee6c8943d354af3ac050621d3c81d10","/static/js/971.47f4e303.chunk.js":"4bc4979d38f7eb4fb180487469812f9550e624fb2dda88f0217a9171e654f8c6","/static/js/475.44c03852.chunk.js":"34b8b87ac4c126401a4764e67edcc7404ae9ef53a86cc808bddea5ac03794cf5","/static/js/main.e2b73eea.js.LICENSE.txt":"4c6cd74c0d261e1272acc5dade0b9eda5e1b390d5b1b91ac391fc51c6ea64ff3","/static/media/buildyTxt.e5170b3285d89e64a54f.png":"a15da675cf238ec543ab40793f59315298331729bd7f05c07eac4e5d74d5ced8","/static/media/user.a6143582309785dca610.png":"66781e4c5716708b2480fa1795871c01c7633c896ab811805537bc70164297b7","/static/css/main.0812bc10.css":"be79be2d9ad8d59ef6739626731340061baa10b1a1c6e42bf037c5dc29823889","/static/js/746.aa36ce97.chunk.js":"60f96456605b98c8d68bc94c937fbc195ada4f6027214368fda4173bfb06ab4c","/static/js/274.b1dde73b.chunk.js":"1fadf342deae8644e5bfed4b860dde51119f175581b51756abe85e733687ba6f","/static/media/Buildyv2-h.9e47759549d1b4cc9bdc.png":"fad4633187fc941b523c96454516731f41dd9bf64d3718c96b56678b1d8fcd93","/static/js/main.e2b73eea.js":"f388448dd0be70878c6d35e50cd00f5c61fe8f946f210a9c69d8904befc72e67"}}
[debug] [2024-03-01T05:07:29.809Z] <<< [apiv2][status] POST https://firebasehosting.googleapis.com/v1beta1/projects/132566555636/sites/buildyv2/versions/65f50c29a3c7e626:populateFiles 200
[debug] [2024-03-01T05:07:29.809Z] <<< [apiv2][body] POST https://firebasehosting.googleapis.com/v1beta1/projects/132566555636/sites/buildyv2/versions/65f50c29a3c7e626:populateFiles {"uploadRequiredHashes":["20b94ee59de2e04e5d8cb5635d1dad37dd87cb4ad1141c798f164cc57efa5725","e2309ecc3fdb933d16bc8261ff60b661d3641dbe9a9ae9075ff5bf1c60ae4176","b746d92ec02a13b08af35f8b8b981edb84f789b0c989555f2b3b0893e6d48c55","e52a1d9b950a945af03296d04772eb0c4231be3821009554bc64a1324b612118","f388448dd0be70878c6d35e50cd00f5c61fe8f946f210a9c69d8904befc72e67"],"uploadUrl":"https://upload-firebasehosting.googleapis.com/upload/sites/buildyv2/versions/65f50c29a3c7e626/files"}
[debug] [2024-03-01T05:07:29.811Z] >>> [apiv2][query] POST https://upload-firebasehosting.googleapis.com/upload/sites/buildyv2/versions/65f50c29a3c7e626/files/20b94ee59de2e04e5d8cb5635d1dad37dd87cb4ad1141c798f164cc57efa5725 [none]
[debug] [2024-03-01T05:07:29.811Z] >>> [apiv2][body] POST https://upload-firebasehosting.googleapis.com/upload/sites/buildyv2/versions/65f50c29a3c7e626/files/20b94ee59de2e04e5d8cb5635d1dad37dd87cb4ad1141c798f164cc57efa5725 [stream]
[debug] [2024-03-01T05:07:29.812Z] >>> [apiv2][query] POST https://upload-firebasehosting.googleapis.com/upload/sites/buildyv2/versions/65f50c29a3c7e626/files/e2309ecc3fdb933d16bc8261ff60b661d3641dbe9a9ae9075ff5bf1c60ae4176 [none]
[debug] [2024-03-01T05:07:29.812Z] >>> [apiv2][body] POST https://upload-firebasehosting.googleapis.com/upload/sites/buildyv2/versions/65f50c29a3c7e626/files/e2309ecc3fdb933d16bc8261ff60b661d3641dbe9a9ae9075ff5bf1c60ae4176 [stream]
[debug] [2024-03-01T05:07:29.814Z] >>> [apiv2][query] POST https://upload-firebasehosting.googleapis.com/upload/sites/buildyv2/versions/65f50c29a3c7e626/files/b746d92ec02a13b08af35f8b8b981edb84f789b0c989555f2b3b0893e6d48c55 [none]
[debug] [2024-03-01T05:07:29.814Z] >>> [apiv2][body] POST https://upload-firebasehosting.googleapis.com/upload/sites/buildyv2/versions/65f50c29a3c7e626/files/b746d92ec02a13b08af35f8b8b981edb84f789b0c989555f2b3b0893e6d48c55 [stream]
[debug] [2024-03-01T05:07:29.816Z] >>> [apiv2][query] POST https://upload-firebasehosting.googleapis.com/upload/sites/buildyv2/versions/65f50c29a3c7e626/files/e52a1d9b950a945af03296d04772eb0c4231be3821009554bc64a1324b612118 [none]
[debug] [2024-03-01T05:07:29.816Z] >>> [apiv2][body] POST https://upload-firebasehosting.googleapis.com/upload/sites/buildyv2/versions/65f50c29a3c7e626/files/e52a1d9b950a945af03296d04772eb0c4231be3821009554bc64a1324b612118 [stream]
[debug] [2024-03-01T05:07:29.818Z] >>> [apiv2][query] POST https://upload-firebasehosting.googleapis.com/upload/sites/buildyv2/versions/65f50c29a3c7e626/files/f388448dd0be70878c6d35e50cd00f5c61fe8f946f210a9c69d8904befc72e67 [none]
[debug] [2024-03-01T05:07:29.818Z] >>> [apiv2][body] POST https://upload-firebasehosting.googleapis.com/upload/sites/buildyv2/versions/65f50c29a3c7e626/files/f388448dd0be70878c6d35e50cd00f5c61fe8f946f210a9c69d8904befc72e67 [stream]
[debug] [2024-03-01T05:07:29.820Z] [hosting][populate queue][FINAL] {"max":324,"min":324,"avg":324,"active":0,"complete":1,"success":1,"errored":0,"retried":0,"total":1,"elapsed":334}
[debug] [2024-03-01T05:07:29.820Z] [hosting] uploads queued: 5
